Dataset: UCI, Training mode: ft, data %: 100%
=============================================
print[Epoch : 0/30]
Total_loss	: 0.5846
Acc:89.2756 	 F1:89.2560 (best: 89.2560)
-------------------------------------
print[Epoch : 1/30]
Total_loss	: 0.4003
Acc:90.4830 	 F1:90.5351 (best: 90.5351)
-------------------------------------
print[Epoch : 2/30]
Total_loss	: 0.3141
Acc:95.0994 	 F1:95.3497 (best: 95.3497)
-------------------------------------
print[Epoch : 3/30]
Total_loss	: 0.2665
Acc:93.1818 	 F1:93.4347 (best: 95.3497)
-------------------------------------
print[Epoch : 4/30]
Total_loss	: 0.2372
Acc:95.3125 	 F1:95.6073 (best: 95.6073)
-------------------------------------
print[Epoch : 5/30]
Total_loss	: 0.2156
Acc:95.3835 	 F1:95.7225 (best: 95.7225)
-------------------------------------
print[Epoch : 6/30]
Total_loss	: 0.1997
Acc:94.5312 	 F1:94.9213 (best: 95.7225)
-------------------------------------
print[Epoch : 7/30]
Total_loss	: 0.1867
Acc:95.5256 	 F1:95.8416 (best: 95.8416)
-------------------------------------
print[Epoch : 8/30]
Total_loss	: 0.1761
Acc:95.9517 	 F1:96.2380 (best: 96.2380)
-------------------------------------
print[Epoch : 9/30]
Total_loss	: 0.1671
Acc:95.7386 	 F1:96.0442 (best: 96.2380)
-------------------------------------
print[Epoch : 10/30]
Total_loss	: 0.1592
Acc:95.5256 	 F1:95.8200 (best: 96.2380)
-------------------------------------
print[Epoch : 11/30]
Total_loss	: 0.1521
Acc:95.1705 	 F1:95.4744 (best: 96.2380)
-------------------------------------
print[Epoch : 12/30]
Total_loss	: 0.1463
Acc:95.7386 	 F1:96.0306 (best: 96.2380)
-------------------------------------
print[Epoch : 13/30]
Total_loss	: 0.1406
Acc:96.3778 	 F1:96.6137 (best: 96.6137)
-------------------------------------
print[Epoch : 14/30]
Total_loss	: 0.1354
Acc:96.4489 	 F1:96.6880 (best: 96.6880)
-------------------------------------
print[Epoch : 15/30]
Total_loss	: 0.1314
Acc:96.4489 	 F1:96.6640 (best: 96.6880)
-------------------------------------
print[Epoch : 16/30]
Total_loss	: 0.1273
Acc:96.5909 	 F1:96.8507 (best: 96.8507)
-------------------------------------
print[Epoch : 17/30]
Total_loss	: 0.1235
Acc:96.5909 	 F1:96.8159 (best: 96.8507)
-------------------------------------
print[Epoch : 18/30]
Total_loss	: 0.1200
Acc:96.7330 	 F1:96.9925 (best: 96.9925)
-------------------------------------
print[Epoch : 19/30]
Total_loss	: 0.1168
Acc:96.5909 	 F1:96.8384 (best: 96.9925)
-------------------------------------
print[Epoch : 20/30]
Total_loss	: 0.1138
Acc:95.8807 	 F1:96.1749 (best: 96.9925)
-------------------------------------
print[Epoch : 21/30]
Total_loss	: 0.1110
Acc:95.9517 	 F1:95.9509 (best: 96.9925)
-------------------------------------
print[Epoch : 22/30]
Total_loss	: 0.1084
Acc:96.5199 	 F1:96.7913 (best: 96.9925)
-------------------------------------
print[Epoch : 23/30]
Total_loss	: 0.1065
Acc:95.9517 	 F1:96.1705 (best: 96.9925)
-------------------------------------
print[Epoch : 24/30]
Total_loss	: 0.1041
Acc:97.3722 	 F1:97.5637 (best: 97.5637)
-------------------------------------
print[Epoch : 25/30]
Total_loss	: 0.1018
Acc:97.2301 	 F1:97.4220 (best: 97.5637)
-------------------------------------
print[Epoch : 26/30]
Total_loss	: 0.0998
Acc:96.6619 	 F1:96.9086 (best: 97.5637)
-------------------------------------
print[Epoch : 27/30]
Total_loss	: 0.0978
Acc:96.7330 	 F1:96.9535 (best: 97.5637)
-------------------------------------
print[Epoch : 28/30]
Total_loss	: 0.0958
Acc:97.0881 	 F1:97.2754 (best: 97.5637)
-------------------------------------
print[Epoch : 29/30]
Total_loss	: 0.0941
Acc:97.2301 	 F1:97.4131 (best: 97.5637)
-------------------------------------
