Dataset: UCI, Training mode: ft, data %: 100%
=============================================
print[Epoch : 0/30]
Total_loss	: 0.5754
Acc:91.1222 	 F1:91.2112 (best: 91.2112)
-------------------------------------
print[Epoch : 1/30]
Total_loss	: 0.3811
Acc:90.6250 	 F1:90.5903 (best: 91.2112)
-------------------------------------
print[Epoch : 2/30]
Total_loss	: 0.2988
Acc:95.5256 	 F1:95.7927 (best: 95.7927)
-------------------------------------
print[Epoch : 3/30]
Total_loss	: 0.2528
Acc:93.8920 	 F1:94.2400 (best: 95.7927)
-------------------------------------
print[Epoch : 4/30]
Total_loss	: 0.2249
Acc:95.7386 	 F1:96.0297 (best: 96.0297)
-------------------------------------
print[Epoch : 5/30]
Total_loss	: 0.2046
Acc:95.5966 	 F1:95.9278 (best: 96.0297)
-------------------------------------
print[Epoch : 6/30]
Total_loss	: 0.1896
Acc:95.3125 	 F1:95.6601 (best: 96.0297)
-------------------------------------
print[Epoch : 7/30]
Total_loss	: 0.1771
Acc:96.0227 	 F1:96.2931 (best: 96.2931)
-------------------------------------
print[Epoch : 8/30]
Total_loss	: 0.1668
Acc:96.0227 	 F1:96.3171 (best: 96.3171)
-------------------------------------
print[Epoch : 9/30]
Total_loss	: 0.1586
Acc:95.7386 	 F1:96.0482 (best: 96.3171)
-------------------------------------
print[Epoch : 10/30]
Total_loss	: 0.1511
Acc:95.9517 	 F1:96.2604 (best: 96.3171)
-------------------------------------
print[Epoch : 11/30]
Total_loss	: 0.1441
Acc:95.3835 	 F1:95.7335 (best: 96.3171)
-------------------------------------
print[Epoch : 12/30]
Total_loss	: 0.1385
Acc:95.6676 	 F1:95.9743 (best: 96.3171)
-------------------------------------
print[Epoch : 13/30]
Total_loss	: 0.1338
Acc:96.5199 	 F1:96.7786 (best: 96.7786)
-------------------------------------
print[Epoch : 14/30]
Total_loss	: 0.1291
Acc:96.9460 	 F1:97.1618 (best: 97.1618)
-------------------------------------
print[Epoch : 15/30]
Total_loss	: 0.1254
Acc:96.3778 	 F1:96.6467 (best: 97.1618)
-------------------------------------
print[Epoch : 16/30]
Total_loss	: 0.1215
Acc:96.7330 	 F1:96.9920 (best: 97.1618)
-------------------------------------
print[Epoch : 17/30]
Total_loss	: 0.1178
Acc:96.8040 	 F1:97.0352 (best: 97.1618)
-------------------------------------
print[Epoch : 18/30]
Total_loss	: 0.1145
Acc:97.0881 	 F1:97.3170 (best: 97.3170)
-------------------------------------
print[Epoch : 19/30]
Total_loss	: 0.1118
Acc:96.7330 	 F1:96.9544 (best: 97.3170)
-------------------------------------
print[Epoch : 20/30]
Total_loss	: 0.1091
Acc:96.5199 	 F1:96.7807 (best: 97.3170)
-------------------------------------
print[Epoch : 21/30]
Total_loss	: 0.1064
Acc:97.3011 	 F1:97.4873 (best: 97.4873)
-------------------------------------
print[Epoch : 22/30]
Total_loss	: 0.1040
Acc:94.4602 	 F1:94.5726 (best: 97.4873)
-------------------------------------
print[Epoch : 23/30]
Total_loss	: 0.1018
Acc:96.9460 	 F1:97.1753 (best: 97.4873)
-------------------------------------
print[Epoch : 24/30]
Total_loss	: 0.0996
Acc:97.5142 	 F1:97.7056 (best: 97.7056)
-------------------------------------
print[Epoch : 25/30]
Total_loss	: 0.0973
Acc:97.1591 	 F1:97.3693 (best: 97.7056)
-------------------------------------
print[Epoch : 26/30]
Total_loss	: 0.0954
Acc:97.1591 	 F1:97.3703 (best: 97.7056)
-------------------------------------
print[Epoch : 27/30]
Total_loss	: 0.0935
Acc:96.4489 	 F1:96.7312 (best: 97.7056)
-------------------------------------
print[Epoch : 28/30]
Total_loss	: 0.0917
Acc:97.0170 	 F1:97.2331 (best: 97.7056)
-------------------------------------
print[Epoch : 29/30]
Total_loss	: 0.0900
Acc:97.4432 	 F1:97.5599 (best: 97.7056)
-------------------------------------
