Dataset: UCI, Training mode: ssl
=============================================
[Epoch : 0/50]
Total_loss	: 0.8178
-------------------------------------
[Epoch : 1/50]
Total_loss	: 0.8865
-------------------------------------
[Epoch : 2/50]
Total_loss	: 0.8750
-------------------------------------
[Epoch : 3/50]
Total_loss	: 0.8668
-------------------------------------
[Epoch : 4/50]
Total_loss	: 0.8737
-------------------------------------
[Epoch : 5/50]
Total_loss	: 0.9099
-------------------------------------
[Epoch : 6/50]
Total_loss	: 0.9034
-------------------------------------
[Epoch : 7/50]
Total_loss	: 0.9025
-------------------------------------
[Epoch : 8/50]
Total_loss	: 0.8999
-------------------------------------
[Epoch : 9/50]
Total_loss	: 0.8920
-------------------------------------
[Epoch : 10/50]
Total_loss	: 0.8754
-------------------------------------
[Epoch : 11/50]
Total_loss	: 0.8524
-------------------------------------
[Epoch : 12/50]
Total_loss	: 0.8413
-------------------------------------
[Epoch : 13/50]
Total_loss	: 0.8377
-------------------------------------
[Epoch : 14/50]
Total_loss	: 0.8432
-------------------------------------
[Epoch : 15/50]
Total_loss	: 0.8411
-------------------------------------
[Epoch : 16/50]
Total_loss	: 0.8391
-------------------------------------
[Epoch : 17/50]
Total_loss	: 0.8325
-------------------------------------
[Epoch : 18/50]
Total_loss	: 0.8270
-------------------------------------
[Epoch : 19/50]
Total_loss	: 0.8179
-------------------------------------
[Epoch : 20/50]
Total_loss	: 0.8091
-------------------------------------
[Epoch : 21/50]
Total_loss	: 0.7985
-------------------------------------
[Epoch : 22/50]
Total_loss	: 0.7822
-------------------------------------
[Epoch : 23/50]
Total_loss	: 0.7776
-------------------------------------
[Epoch : 24/50]
Total_loss	: 0.7692
-------------------------------------
[Epoch : 25/50]
Total_loss	: 0.7605
-------------------------------------
[Epoch : 26/50]
Total_loss	: 0.7554
-------------------------------------
[Epoch : 27/50]
Total_loss	: 0.7477
-------------------------------------
[Epoch : 28/50]
Total_loss	: 0.7383
-------------------------------------
[Epoch : 29/50]
Total_loss	: 0.7291
-------------------------------------
[Epoch : 30/50]
Total_loss	: 0.7215
-------------------------------------
[Epoch : 31/50]
Total_loss	: 0.7241
-------------------------------------
[Epoch : 32/50]
Total_loss	: 0.7128
-------------------------------------
[Epoch : 33/50]
Total_loss	: 0.7089
-------------------------------------
[Epoch : 34/50]
Total_loss	: 0.6974
-------------------------------------
[Epoch : 35/50]
Total_loss	: 0.6843
-------------------------------------
[Epoch : 36/50]
Total_loss	: 0.6720
-------------------------------------
[Epoch : 37/50]
Total_loss	: 0.6675
-------------------------------------
[Epoch : 38/50]
Total_loss	: 0.6602
-------------------------------------
[Epoch : 39/50]
Total_loss	: 0.6522
-------------------------------------
[Epoch : 40/50]
Total_loss	: 0.6472
-------------------------------------
[Epoch : 41/50]
Total_loss	: 0.6423
-------------------------------------
[Epoch : 42/50]
Total_loss	: 0.6339
-------------------------------------
[Epoch : 43/50]
Total_loss	: 0.6285
-------------------------------------
[Epoch : 44/50]
Total_loss	: 0.6230
-------------------------------------
[Epoch : 45/50]
Total_loss	: 0.6176
-------------------------------------
[Epoch : 46/50]
Total_loss	: 0.6134
-------------------------------------
[Epoch : 47/50]
Total_loss	: 0.6071
-------------------------------------
[Epoch : 48/50]
Total_loss	: 0.6014
-------------------------------------
[Epoch : 49/50]
Total_loss	: 0.5930
-------------------------------------
