Dataset: UCI, Training mode: supervised
=============================================
[Epoch : 0/50]
Total_loss	: 0.7235
Acc:14.2045 	 F1:4.1459 (best: 21.3706)
-------------------------------------
[Epoch : 1/50]
Total_loss	: 0.5461
Acc:14.2045 	 F1:4.1511 (best: 11.8278)
-------------------------------------
[Epoch : 2/50]
Total_loss	: 0.4448
Acc:15.2699 	 F1:7.2335 (best: 19.0063)
-------------------------------------
[Epoch : 3/50]
Total_loss	: 0.3823
Acc:13.7784 	 F1:4.0366 (best: 25.1318)
-------------------------------------
[Epoch : 4/50]
Total_loss	: 0.3394
Acc:13.7784 	 F1:4.0366 (best: 20.7980)
-------------------------------------
[Epoch : 5/50]
Total_loss	: 0.3079
Acc:17.8267 	 F1:6.6864 (best: 20.4513)
-------------------------------------
[Epoch : 6/50]
Total_loss	: 0.2847
Acc:12.9972 	 F1:7.2704 (best: 26.0050)
-------------------------------------
[Epoch : 7/50]
Total_loss	: 0.2680
Acc:22.9403 	 F1:11.8743 (best: 22.4944)
-------------------------------------
[Epoch : 8/50]
Total_loss	: 0.2550
Acc:17.4716 	 F1:5.0968 (best: 29.5778)
-------------------------------------
[Epoch : 9/50]
Total_loss	: 0.2440
Acc:9.2330 	 F1:3.1378 (best: 24.4219)
-------------------------------------
[Epoch : 10/50]
Total_loss	: 0.2343
Acc:16.4062 	 F1:5.2844 (best: 20.7888)
-------------------------------------
[Epoch : 11/50]
Total_loss	: 0.2266
Acc:15.6960 	 F1:4.9607 (best: 22.3940)
-------------------------------------
[Epoch : 12/50]
Total_loss	: 0.2205
Acc:18.9631 	 F1:5.5540 (best: 18.6419)
-------------------------------------
[Epoch : 13/50]
Total_loss	: 0.2150
Acc:10.7955 	 F1:3.2922 (best: 21.7160)
-------------------------------------
[Epoch : 14/50]
Total_loss	: 0.2105
Acc:25.7102 	 F1:16.9007 (best: 19.4414)
-------------------------------------
[Epoch : 15/50]
Total_loss	: 0.2061
Acc:19.3182 	 F1:6.3122 (best: 26.1729)
-------------------------------------
[Epoch : 16/50]
Total_loss	: 0.2023
Acc:13.7784 	 F1:4.1058 (best: 31.9735)
-------------------------------------
[Epoch : 17/50]
Total_loss	: 0.1997
Acc:25.4972 	 F1:12.5655 (best: 22.6157)
-------------------------------------
[Epoch : 18/50]
Total_loss	: 0.1965
Acc:13.7784 	 F1:4.0366 (best: 20.4918)
-------------------------------------
[Epoch : 19/50]
Total_loss	: 0.1938
Acc:32.3153 	 F1:20.9124 (best: 20.9124)
-------------------------------------
[Epoch : 20/50]
Total_loss	: 0.1917
Acc:18.8920 	 F1:5.2967 (best: 24.6966)
-------------------------------------
[Epoch : 21/50]
Total_loss	: 0.1897
Acc:17.3295 	 F1:8.2144 (best: 16.8491)
-------------------------------------
[Epoch : 22/50]
Total_loss	: 0.1879
Acc:18.8920 	 F1:5.3349 (best: 20.5599)
-------------------------------------
[Epoch : 23/50]
Total_loss	: 0.1871
Acc:11.7188 	 F1:3.7062 (best: 22.5610)
-------------------------------------
[Epoch : 24/50]
Total_loss	: 0.1862
Acc:18.8920 	 F1:5.2999 (best: 17.0600)
-------------------------------------
[Epoch : 25/50]
Total_loss	: 0.1857
Acc:18.8920 	 F1:5.2967 (best: 16.6044)
-------------------------------------
[Epoch : 26/50]
Total_loss	: 0.1850
Acc:13.4943 	 F1:3.9882 (best: 14.3801)
-------------------------------------
[Epoch : 27/50]
Total_loss	: 0.1842
Acc:18.9631 	 F1:5.6825 (best: 18.8728)
-------------------------------------
[Epoch : 28/50]
Total_loss	: 0.1835
Acc:13.7784 	 F1:4.1426 (best: 20.0424)
-------------------------------------
[Epoch : 29/50]
Total_loss	: 0.1830
Acc:22.0170 	 F1:9.8256 (best: 19.8516)
-------------------------------------
[Epoch : 30/50]
Total_loss	: 0.1830
Acc:33.5938 	 F1:20.5689 (best: 20.5689)
-------------------------------------
[Epoch : 31/50]
Total_loss	: 0.1822
Acc:18.8920 	 F1:5.3062 (best: 15.2377)
-------------------------------------
[Epoch : 32/50]
Total_loss	: 0.1819
Acc:22.4432 	 F1:10.9310 (best: 27.6156)
-------------------------------------
[Epoch : 33/50]
Total_loss	: 0.1815
Acc:12.7131 	 F1:3.8223 (best: 20.3367)
-------------------------------------
[Epoch : 34/50]
Total_loss	: 0.1811
Acc:18.8920 	 F1:5.2967 (best: 17.6291)
-------------------------------------
[Epoch : 35/50]
Total_loss	: 0.1804
Acc:14.4886 	 F1:5.2875 (best: 22.2957)
-------------------------------------
[Epoch : 36/50]
Total_loss	: 0.1803
Acc:13.7074 	 F1:4.1505 (best: 20.3558)
-------------------------------------
[Epoch : 37/50]
Total_loss	: 0.1800
Acc:18.8920 	 F1:5.4497 (best: 19.3064)
-------------------------------------
[Epoch : 38/50]
Total_loss	: 0.1797
Acc:13.7784 	 F1:4.5064 (best: 22.6301)
-------------------------------------
[Epoch : 39/50]
Total_loss	: 0.1796
Acc:19.6733 	 F1:7.0187 (best: 27.2183)
-------------------------------------
[Epoch : 40/50]
Total_loss	: 0.1796
Acc:13.7784 	 F1:4.0417 (best: 23.8369)
-------------------------------------
[Epoch : 41/50]
Total_loss	: 0.1795
Acc:14.0625 	 F1:7.4840 (best: 20.1368)
-------------------------------------
[Epoch : 42/50]
Total_loss	: 0.1800
Acc:18.8920 	 F1:5.2967 (best: 17.3341)
-------------------------------------
[Epoch : 43/50]
Total_loss	: 0.1804
Acc:19.5312 	 F1:6.6471 (best: 17.2249)
-------------------------------------
[Epoch : 44/50]
Total_loss	: 0.1807
Acc:20.8807 	 F1:8.3523 (best: 21.9411)
-------------------------------------
[Epoch : 45/50]
Total_loss	: 0.1806
Acc:18.9631 	 F1:5.4801 (best: 14.3536)
-------------------------------------
[Epoch : 46/50]
Total_loss	: 0.1813
Acc:25.8523 	 F1:13.5416 (best: 17.6066)
-------------------------------------
[Epoch : 47/50]
Total_loss	: 0.1821
Acc:18.8920 	 F1:5.2967 (best: 23.3125)
-------------------------------------
[Epoch : 48/50]
Total_loss	: 0.1820
Acc:19.2472 	 F1:7.0198 (best: 14.3333)
-------------------------------------
[Epoch : 49/50]
Total_loss	: 0.1818
Acc:18.8920 	 F1:5.2999 (best: 17.7603)
-------------------------------------
