Dataset: UCI, Training mode: supervised
=============================================
[Epoch : 0/50]
Total_loss	: 0.9699
Acc:21.3778 	 F1:13.7013 (best: 22.5899)
-------------------------------------
[Epoch : 1/50]
Total_loss	: 0.7331
Acc:14.3466 	 F1:4.4036 (best: 18.8165)
-------------------------------------
[Epoch : 2/50]
Total_loss	: 0.6178
Acc:22.1591 	 F1:14.0744 (best: 20.0730)
-------------------------------------
[Epoch : 3/50]
Total_loss	: 0.5388
Acc:15.6960 	 F1:6.7582 (best: 21.1852)
-------------------------------------
[Epoch : 4/50]
Total_loss	: 0.4795
Acc:14.4176 	 F1:4.7691 (best: 22.8465)
-------------------------------------
[Epoch : 5/50]
Total_loss	: 0.4318
Acc:14.2045 	 F1:5.1125 (best: 19.2995)
-------------------------------------
