Dataset: UCI, Training mode: supervised, data %: 100%
=============================================
print[Epoch : 0/30]
Total_loss	: 0.6653
Acc:90.5540 	 F1:90.5000 (best: 90.5000)
-------------------------------------
print[Epoch : 1/30]
Total_loss	: 0.4346
Acc:91.9744 	 F1:92.1212 (best: 92.1212)
-------------------------------------
print[Epoch : 2/30]
Total_loss	: 0.3352
Acc:95.3125 	 F1:95.5969 (best: 95.5969)
-------------------------------------
print[Epoch : 3/30]
Total_loss	: 0.2812
Acc:93.8920 	 F1:94.2191 (best: 95.5969)
-------------------------------------
print[Epoch : 4/30]
Total_loss	: 0.2493
Acc:95.6676 	 F1:95.9883 (best: 95.9883)
-------------------------------------
print[Epoch : 5/30]
Total_loss	: 0.2260
Acc:95.4545 	 F1:95.8101 (best: 95.9883)
-------------------------------------
print[Epoch : 6/30]
Total_loss	: 0.2089
Acc:95.5256 	 F1:95.8696 (best: 95.9883)
-------------------------------------
print[Epoch : 7/30]
Total_loss	: 0.1952
Acc:95.4545 	 F1:95.7687 (best: 95.9883)
-------------------------------------
print[Epoch : 8/30]
Total_loss	: 0.1840
Acc:96.0227 	 F1:96.3399 (best: 96.3399)
-------------------------------------
print[Epoch : 9/30]
Total_loss	: 0.1753
Acc:95.1705 	 F1:95.4890 (best: 96.3399)
-------------------------------------
print[Epoch : 10/30]
Total_loss	: 0.1678
Acc:96.3068 	 F1:96.5862 (best: 96.5862)
-------------------------------------
print[Epoch : 11/30]
Total_loss	: 0.1606
Acc:95.6676 	 F1:96.0048 (best: 96.5862)
-------------------------------------
print[Epoch : 12/30]
Total_loss	: 0.1544
Acc:95.3125 	 F1:95.6424 (best: 96.5862)
-------------------------------------
print[Epoch : 13/30]
Total_loss	: 0.1484
Acc:96.3778 	 F1:96.6675 (best: 96.6675)
-------------------------------------
print[Epoch : 14/30]
Total_loss	: 0.1428
Acc:96.8040 	 F1:97.0301 (best: 97.0301)
-------------------------------------
print[Epoch : 15/30]
Total_loss	: 0.1383
Acc:96.7330 	 F1:96.9935 (best: 97.0301)
-------------------------------------
print[Epoch : 16/30]
Total_loss	: 0.1344
Acc:96.5199 	 F1:96.8122 (best: 97.0301)
-------------------------------------
print[Epoch : 17/30]
Total_loss	: 0.1300
Acc:96.7330 	 F1:96.9555 (best: 97.0301)
-------------------------------------
print[Epoch : 18/30]
Total_loss	: 0.1262
Acc:96.8040 	 F1:97.0574 (best: 97.0574)
-------------------------------------
print[Epoch : 19/30]
Total_loss	: 0.1227
Acc:96.8750 	 F1:97.0799 (best: 97.0799)
-------------------------------------
print[Epoch : 20/30]
Total_loss	: 0.1192
Acc:97.1591 	 F1:97.3840 (best: 97.3840)
-------------------------------------
print[Epoch : 21/30]
Total_loss	: 0.1160
Acc:97.3722 	 F1:97.5738 (best: 97.5738)
-------------------------------------
print[Epoch : 22/30]
Total_loss	: 0.1130
Acc:97.0170 	 F1:97.2523 (best: 97.5738)
-------------------------------------
print[Epoch : 23/30]
Total_loss	: 0.1102
Acc:97.5142 	 F1:97.7211 (best: 97.7211)
-------------------------------------
print[Epoch : 24/30]
Total_loss	: 0.1076
Acc:97.7983 	 F1:97.9542 (best: 97.9542)
-------------------------------------
print[Epoch : 25/30]
Total_loss	: 0.1051
Acc:96.6619 	 F1:96.6434 (best: 97.9542)
-------------------------------------
print[Epoch : 26/30]
Total_loss	: 0.1028
Acc:97.2301 	 F1:97.4490 (best: 97.9542)
-------------------------------------
print[Epoch : 27/30]
Total_loss	: 0.1005
Acc:97.2301 	 F1:97.4609 (best: 97.9542)
-------------------------------------
print[Epoch : 28/30]
Total_loss	: 0.0985
Acc:97.7273 	 F1:97.9085 (best: 97.9542)
-------------------------------------
print[Epoch : 29/30]
Total_loss	: 0.0964
Acc:98.0824 	 F1:98.2386 (best: 98.2386)
-------------------------------------
