Dataset: UCI, Training mode: supervised
=============================================
print[Epoch : 0/30], %: 100%
Total_loss	: 0.6653
Acc:90.5540 	 F1:90.5000 (best: 90.5000)
-------------------------------------
print[Epoch : 1/30], %: 100%
Total_loss	: 0.4346
Acc:91.9744 	 F1:92.1212 (best: 92.1212)
-------------------------------------
print[Epoch : 2/30], %: 100%
Total_loss	: 0.3352
Acc:95.3125 	 F1:95.5969 (best: 95.5969)
-------------------------------------
print[Epoch : 3/30], %: 100%
Total_loss	: 0.2812
Acc:93.8920 	 F1:94.2191 (best: 95.5969)
-------------------------------------
print[Epoch : 4/30], %: 100%
Total_loss	: 0.2493
Acc:95.6676 	 F1:95.9883 (best: 95.9883)
-------------------------------------
print[Epoch : 5/30], %: 100%
Total_loss	: 0.2260
Acc:95.4545 	 F1:95.8101 (best: 95.9883)
-------------------------------------
print[Epoch : 6/30], %: 100%
Total_loss	: 0.2089
Acc:95.5256 	 F1:95.8696 (best: 95.9883)
-------------------------------------
print[Epoch : 7/30], %: 100%
Total_loss	: 0.1952
Acc:95.4545 	 F1:95.7687 (best: 95.9883)
-------------------------------------
print[Epoch : 8/30], %: 100%
Total_loss	: 0.1840
Acc:96.0227 	 F1:96.3399 (best: 96.3399)
-------------------------------------
print[Epoch : 9/30], %: 100%
Total_loss	: 0.1753
Acc:95.1705 	 F1:95.4890 (best: 96.3399)
-------------------------------------
print[Epoch : 10/30], %: 100%
Total_loss	: 0.1678
Acc:96.3068 	 F1:96.5862 (best: 96.5862)
-------------------------------------
print[Epoch : 11/30], %: 100%
Total_loss	: 0.1606
Acc:95.6676 	 F1:96.0048 (best: 96.5862)
-------------------------------------
