Dataset: UCI, Training mode: ssl
=============================================
printf[Epoch : 0/50]
Total_loss	: 1.2211
-------------------------------------
printf[Epoch : 1/50]
Total_loss	: 1.2879
-------------------------------------
printf[Epoch : 2/50]
Total_loss	: 1.2892
-------------------------------------
printf[Epoch : 3/50]
Total_loss	: 1.2578
-------------------------------------
printf[Epoch : 4/50]
Total_loss	: 1.2563
-------------------------------------
printf[Epoch : 5/50]
Total_loss	: 1.2553
-------------------------------------
printf[Epoch : 6/50]
Total_loss	: 1.2613
-------------------------------------
printf[Epoch : 7/50]
Total_loss	: 1.2708
-------------------------------------
printf[Epoch : 8/50]
Total_loss	: 1.2604
-------------------------------------
printf[Epoch : 9/50]
Total_loss	: 1.2492
-------------------------------------
printf[Epoch : 10/50]
Total_loss	: 1.2504
-------------------------------------
printf[Epoch : 11/50]
Total_loss	: 1.2466
-------------------------------------
printf[Epoch : 12/50]
Total_loss	: 1.2462
-------------------------------------
printf[Epoch : 13/50]
Total_loss	: 1.2468
-------------------------------------
printf[Epoch : 14/50]
Total_loss	: 1.2382
-------------------------------------
printf[Epoch : 15/50]
Total_loss	: 1.2344
-------------------------------------
printf[Epoch : 16/50]
Total_loss	: 1.2316
-------------------------------------
printf[Epoch : 17/50]
Total_loss	: 1.2267
-------------------------------------
printf[Epoch : 18/50]
Total_loss	: 1.2292
-------------------------------------
printf[Epoch : 19/50]
Total_loss	: 1.2276
-------------------------------------
printf[Epoch : 20/50]
Total_loss	: 1.2209
-------------------------------------
printf[Epoch : 21/50]
Total_loss	: 1.2127
-------------------------------------
printf[Epoch : 22/50]
Total_loss	: 1.2090
-------------------------------------
printf[Epoch : 23/50]
Total_loss	: 1.2062
-------------------------------------
printf[Epoch : 24/50]
Total_loss	: 1.1986
-------------------------------------
printf[Epoch : 25/50]
Total_loss	: 1.1940
-------------------------------------
printf[Epoch : 26/50]
Total_loss	: 1.1915
-------------------------------------
printf[Epoch : 27/50]
Total_loss	: 1.1843
-------------------------------------
printf[Epoch : 28/50]
Total_loss	: 1.1785
-------------------------------------
printf[Epoch : 29/50]
Total_loss	: 1.1719
-------------------------------------
printf[Epoch : 30/50]
Total_loss	: 1.1665
-------------------------------------
printf[Epoch : 31/50]
Total_loss	: 1.1595
-------------------------------------
printf[Epoch : 32/50]
Total_loss	: 1.1536
-------------------------------------
printf[Epoch : 33/50]
Total_loss	: 1.1522
-------------------------------------
printf[Epoch : 34/50]
Total_loss	: 1.1485
-------------------------------------
printf[Epoch : 35/50]
Total_loss	: 1.1417
-------------------------------------
printf[Epoch : 36/50]
Total_loss	: 1.1371
-------------------------------------
printf[Epoch : 37/50]
Total_loss	: 1.1345
-------------------------------------
printf[Epoch : 38/50]
Total_loss	: 1.1309
-------------------------------------
printf[Epoch : 39/50]
Total_loss	: 1.1267
-------------------------------------
printf[Epoch : 40/50]
Total_loss	: 1.1222
-------------------------------------
printf[Epoch : 41/50]
Total_loss	: 1.1177
-------------------------------------
printf[Epoch : 42/50]
Total_loss	: 1.1128
-------------------------------------
printf[Epoch : 43/50]
Total_loss	: 1.1087
-------------------------------------
printf[Epoch : 44/50]
Total_loss	: 1.1042
-------------------------------------
printf[Epoch : 45/50]
Total_loss	: 1.1016
-------------------------------------
printf[Epoch : 46/50]
Total_loss	: 1.0974
-------------------------------------
printf[Epoch : 47/50]
Total_loss	: 1.0947
-------------------------------------
printf[Epoch : 48/50]
Total_loss	: 1.0902
-------------------------------------
printf[Epoch : 49/50]
Total_loss	: 1.0867
-------------------------------------
