Dataset: UCI, Training mode: ssl
=============================================
printf[Epoch : 0/20]
Total_loss	: 1.3428
-------------------------------------
printf[Epoch : 1/20]
Total_loss	: 1.3098
-------------------------------------
printf[Epoch : 2/20]
Total_loss	: 1.2826
-------------------------------------
printf[Epoch : 3/20]
Total_loss	: 1.2628
-------------------------------------
printf[Epoch : 4/20]
Total_loss	: 1.2649
-------------------------------------
printf[Epoch : 5/20]
Total_loss	: 1.2613
-------------------------------------
printf[Epoch : 6/20]
Total_loss	: 1.2535
-------------------------------------
printf[Epoch : 7/20]
Total_loss	: 1.2444
-------------------------------------
printf[Epoch : 8/20]
Total_loss	: 1.2376
-------------------------------------
printf[Epoch : 9/20]
Total_loss	: 1.2334
-------------------------------------
printf[Epoch : 10/20]
Total_loss	: 1.2346
-------------------------------------
printf[Epoch : 11/20]
Total_loss	: 1.2299
-------------------------------------
printf[Epoch : 12/20]
Total_loss	: 1.2371
-------------------------------------
printf[Epoch : 13/20]
Total_loss	: 1.2395
-------------------------------------
printf[Epoch : 14/20]
Total_loss	: 1.2385
-------------------------------------
printf[Epoch : 15/20]
Total_loss	: 1.2388
-------------------------------------
printf[Epoch : 16/20]
Total_loss	: 1.2301
-------------------------------------
