Dataset: UCI, Training mode: ssl, data %: 100%
=============================================
print[Epoch : 0/30]
Total_loss	: 0.5399
-------------------------------------
print[Epoch : 1/30]
Total_loss	: 0.3645
-------------------------------------
print[Epoch : 2/30]
Total_loss	: 0.2991
-------------------------------------
print[Epoch : 3/30]
Total_loss	: 0.2660
-------------------------------------
print[Epoch : 4/30]
Total_loss	: 0.2442
-------------------------------------
print[Epoch : 5/30]
Total_loss	: 0.2306
-------------------------------------
print[Epoch : 6/30]
Total_loss	: 0.2196
-------------------------------------
print[Epoch : 7/30]
Total_loss	: 0.2109
-------------------------------------
print[Epoch : 8/30]
Total_loss	: 0.2042
-------------------------------------
print[Epoch : 9/30]
Total_loss	: 0.1985
-------------------------------------
print[Epoch : 10/30]
Total_loss	: 0.1933
-------------------------------------
print[Epoch : 11/30]
Total_loss	: 0.1889
-------------------------------------
print[Epoch : 12/30]
Total_loss	: 0.1840
-------------------------------------
print[Epoch : 13/30]
Total_loss	: 0.1798
-------------------------------------
print[Epoch : 14/30]
Total_loss	: 0.1757
-------------------------------------
print[Epoch : 15/30]
Total_loss	: 0.1723
-------------------------------------
print[Epoch : 16/30]
Total_loss	: 0.1690
-------------------------------------
print[Epoch : 17/30]
Total_loss	: 0.1659
-------------------------------------
print[Epoch : 18/30]
Total_loss	: 0.1628
-------------------------------------
print[Epoch : 19/30]
Total_loss	: 0.1597
-------------------------------------
print[Epoch : 20/30]
Total_loss	: 0.1568
-------------------------------------
print[Epoch : 21/30]
Total_loss	: 0.1542
-------------------------------------
print[Epoch : 22/30]
Total_loss	: 0.1515
-------------------------------------
print[Epoch : 23/30]
Total_loss	: 0.1493
-------------------------------------
print[Epoch : 24/30]
Total_loss	: 0.1469
-------------------------------------
print[Epoch : 25/30]
Total_loss	: 0.1449
-------------------------------------
print[Epoch : 26/30]
Total_loss	: 0.1429
-------------------------------------
print[Epoch : 27/30]
Total_loss	: 0.1413
-------------------------------------
print[Epoch : 28/30]
Total_loss	: 0.1393
-------------------------------------
print[Epoch : 29/30]
Total_loss	: 0.1374
-------------------------------------
