Dataset: UCI, Training mode: ssl, data %: 100%
=============================================
print[Epoch : 0/30]
Total_loss	: 0.5250
-------------------------------------
print[Epoch : 1/30]
Total_loss	: 0.3527
-------------------------------------
print[Epoch : 2/30]
Total_loss	: 0.2917
-------------------------------------
print[Epoch : 3/30]
Total_loss	: 0.2599
-------------------------------------
print[Epoch : 4/30]
Total_loss	: 0.2417
-------------------------------------
print[Epoch : 5/30]
Total_loss	: 0.2274
-------------------------------------
print[Epoch : 6/30]
Total_loss	: 0.2174
-------------------------------------
print[Epoch : 7/30]
Total_loss	: 0.2098
-------------------------------------
print[Epoch : 8/30]
Total_loss	: 0.2028
-------------------------------------
print[Epoch : 9/30]
Total_loss	: 0.1968
-------------------------------------
print[Epoch : 10/30]
Total_loss	: 0.1912
-------------------------------------
print[Epoch : 11/30]
Total_loss	: 0.1856
-------------------------------------
print[Epoch : 12/30]
Total_loss	: 0.1809
-------------------------------------
print[Epoch : 13/30]
Total_loss	: 0.1768
-------------------------------------
print[Epoch : 14/30]
Total_loss	: 0.1725
-------------------------------------
print[Epoch : 15/30]
Total_loss	: 0.1686
-------------------------------------
print[Epoch : 16/30]
Total_loss	: 0.1649
-------------------------------------
print[Epoch : 17/30]
Total_loss	: 0.1619
-------------------------------------
print[Epoch : 18/30]
Total_loss	: 0.1589
-------------------------------------
print[Epoch : 19/30]
Total_loss	: 0.1558
-------------------------------------
print[Epoch : 20/30]
Total_loss	: 0.1528
-------------------------------------
print[Epoch : 21/30]
Total_loss	: 0.1502
-------------------------------------
print[Epoch : 22/30]
Total_loss	: 0.1476
-------------------------------------
print[Epoch : 23/30]
Total_loss	: 0.1452
-------------------------------------
print[Epoch : 24/30]
Total_loss	: 0.1428
-------------------------------------
print[Epoch : 25/30]
Total_loss	: 0.1405
-------------------------------------
print[Epoch : 26/30]
Total_loss	: 0.1386
-------------------------------------
print[Epoch : 27/30]
Total_loss	: 0.1370
-------------------------------------
print[Epoch : 28/30]
Total_loss	: 0.1353
-------------------------------------
print[Epoch : 29/30]
Total_loss	: 0.1337
-------------------------------------
