Dataset: UCI, Training mode: supervised
=============================================
[Epoch : 0/20]
Total_loss	: 1.4029
Acc:20.5966 	 F1:13.5648 (best: 28.5042)
-------------------------------------
[Epoch : 1/20]
Total_loss	: 1.1118
Acc:18.8920 	 F1:11.0307 (best: 20.7359)
-------------------------------------
[Epoch : 2/20]
Total_loss	: 0.9423
Acc:20.7386 	 F1:12.5612 (best: 19.8749)
-------------------------------------
[Epoch : 3/20]
Total_loss	: 0.8374
Acc:15.1989 	 F1:5.8732 (best: 21.1482)
-------------------------------------
[Epoch : 4/20]
Total_loss	: 0.7646
Acc:14.2756 	 F1:4.4840 (best: 21.0789)
-------------------------------------
[Epoch : 5/20]
Total_loss	: 0.7084
Acc:14.2045 	 F1:4.1485 (best: 21.0857)
-------------------------------------
[Epoch : 6/20]
Total_loss	: 0.6628
Acc:14.7727 	 F1:5.1523 (best: 23.7282)
-------------------------------------
[Epoch : 7/20]
Total_loss	: 0.6242
Acc:14.2045 	 F1:4.2983 (best: 22.9337)
-------------------------------------
[Epoch : 8/20]
Total_loss	: 0.5905
Acc:12.2159 	 F1:4.9472 (best: 20.4180)
-------------------------------------
[Epoch : 9/20]
Total_loss	: 0.5606
Acc:14.2045 	 F1:4.1459 (best: 21.4726)
-------------------------------------
