Dataset: UCI, Training mode: ft
=============================================
[Epoch : 0/50]
Total_loss	: 0.7116
Acc:14.2045 	 F1:4.1459 (best: 12.9682)
-------------------------------------
[Epoch : 1/50]
Total_loss	: 0.5256
Acc:17.0455 	 F1:5.6022 (best: 14.4649)
-------------------------------------
[Epoch : 2/50]
Total_loss	: 0.4229
Acc:12.9972 	 F1:4.3018 (best: 15.0581)
-------------------------------------
[Epoch : 3/50]
Total_loss	: 0.3613
Acc:16.9744 	 F1:8.2278 (best: 21.7996)
-------------------------------------
[Epoch : 4/50]
Total_loss	: 0.3211
Acc:13.5653 	 F1:4.6532 (best: 25.1969)
-------------------------------------
[Epoch : 5/50]
Total_loss	: 0.2917
Acc:10.6534 	 F1:3.9314 (best: 24.3791)
-------------------------------------
[Epoch : 6/50]
Total_loss	: 0.2698
Acc:13.8494 	 F1:4.5581 (best: 23.1797)
-------------------------------------
[Epoch : 7/50]
Total_loss	: 0.2537
Acc:16.4773 	 F1:7.8442 (best: 22.3631)
-------------------------------------
[Epoch : 8/50]
Total_loss	: 0.2404
Acc:18.8920 	 F1:6.0897 (best: 15.2727)
-------------------------------------
[Epoch : 9/50]
Total_loss	: 0.2297
Acc:18.8920 	 F1:6.3469 (best: 36.1814)
-------------------------------------
[Epoch : 10/50]
Total_loss	: 0.2204
Acc:17.0455 	 F1:5.6697 (best: 21.5579)
-------------------------------------
[Epoch : 11/50]
Total_loss	: 0.2133
Acc:17.0455 	 F1:5.0537 (best: 15.0470)
-------------------------------------
[Epoch : 12/50]
Total_loss	: 0.2075
Acc:18.8920 	 F1:5.2967 (best: 16.6485)
-------------------------------------
[Epoch : 13/50]
Total_loss	: 0.2026
Acc:17.0455 	 F1:4.8544 (best: 16.6152)
-------------------------------------
[Epoch : 14/50]
Total_loss	: 0.1985
Acc:18.8920 	 F1:5.3030 (best: 18.5335)
-------------------------------------
[Epoch : 15/50]
Total_loss	: 0.1945
Acc:13.2812 	 F1:6.0773 (best: 20.2373)
-------------------------------------
[Epoch : 16/50]
Total_loss	: 0.1908
Acc:18.8920 	 F1:5.2967 (best: 23.5312)
-------------------------------------
[Epoch : 17/50]
Total_loss	: 0.1887
Acc:18.8920 	 F1:5.3446 (best: 19.1005)
-------------------------------------
[Epoch : 18/50]
Total_loss	: 0.1857
Acc:17.1875 	 F1:6.2025 (best: 17.8776)
-------------------------------------
[Epoch : 19/50]
Total_loss	: 0.1831
Acc:35.0852 	 F1:21.5904 (best: 21.5904)
-------------------------------------
[Epoch : 20/50]
Total_loss	: 0.1810
Acc:18.8920 	 F1:6.0317 (best: 23.2950)
-------------------------------------
