Dataset: UCI, Training mode: ft
=============================================
[Epoch : 0/50]
Total_loss	: 0.7116
Acc:14.2045 	 F1:4.1459 (best: 12.9682)
-------------------------------------
[Epoch : 1/50]
Total_loss	: 0.5256
Acc:17.0455 	 F1:5.6022 (best: 14.4649)
-------------------------------------
[Epoch : 2/50]
Total_loss	: 0.4229
Acc:12.9972 	 F1:4.3018 (best: 15.0581)
-------------------------------------
[Epoch : 3/50]
Total_loss	: 0.3613
Acc:16.9744 	 F1:8.2278 (best: 21.7996)
-------------------------------------
[Epoch : 4/50]
Total_loss	: 0.3211
Acc:13.5653 	 F1:4.6532 (best: 25.1969)
-------------------------------------
[Epoch : 5/50]
Total_loss	: 0.2917
Acc:10.6534 	 F1:3.9314 (best: 24.3791)
-------------------------------------
[Epoch : 6/50]
Total_loss	: 0.2698
Acc:13.8494 	 F1:4.5581 (best: 23.1797)
-------------------------------------
[Epoch : 7/50]
Total_loss	: 0.2537
Acc:16.4773 	 F1:7.8442 (best: 22.3631)
-------------------------------------
[Epoch : 8/50]
Total_loss	: 0.2404
Acc:18.8920 	 F1:6.0897 (best: 15.2727)
-------------------------------------
[Epoch : 9/50]
Total_loss	: 0.2297
Acc:18.8920 	 F1:6.3469 (best: 36.1814)
-------------------------------------
[Epoch : 10/50]
Total_loss	: 0.2204
Acc:17.0455 	 F1:5.6697 (best: 21.5579)
-------------------------------------
[Epoch : 11/50]
Total_loss	: 0.2133
Acc:17.0455 	 F1:5.0537 (best: 15.0470)
-------------------------------------
[Epoch : 12/50]
Total_loss	: 0.2075
Acc:18.8920 	 F1:5.2967 (best: 16.6485)
-------------------------------------
[Epoch : 13/50]
Total_loss	: 0.2026
Acc:17.0455 	 F1:4.8544 (best: 16.6152)
-------------------------------------
[Epoch : 14/50]
Total_loss	: 0.1985
Acc:18.8920 	 F1:5.3030 (best: 18.5335)
-------------------------------------
[Epoch : 15/50]
Total_loss	: 0.1945
Acc:13.2812 	 F1:6.0773 (best: 20.2373)
-------------------------------------
[Epoch : 16/50]
Total_loss	: 0.1908
Acc:18.8920 	 F1:5.2967 (best: 23.5312)
-------------------------------------
[Epoch : 17/50]
Total_loss	: 0.1887
Acc:18.8920 	 F1:5.3446 (best: 19.1005)
-------------------------------------
[Epoch : 18/50]
Total_loss	: 0.1857
Acc:17.1875 	 F1:6.2025 (best: 17.8776)
-------------------------------------
[Epoch : 19/50]
Total_loss	: 0.1831
Acc:35.0852 	 F1:21.5904 (best: 21.5904)
-------------------------------------
[Epoch : 20/50]
Total_loss	: 0.1810
Acc:18.8920 	 F1:6.0317 (best: 23.2950)
-------------------------------------
[Epoch : 21/50]
Total_loss	: 0.1798
Acc:16.1222 	 F1:9.3037 (best: 18.7815)
-------------------------------------
[Epoch : 22/50]
Total_loss	: 0.1782
Acc:18.8920 	 F1:5.3966 (best: 17.5436)
-------------------------------------
[Epoch : 23/50]
Total_loss	: 0.1777
Acc:20.9517 	 F1:8.6610 (best: 26.3969)
-------------------------------------
[Epoch : 24/50]
Total_loss	: 0.1778
Acc:18.8920 	 F1:6.1107 (best: 19.1371)
-------------------------------------
[Epoch : 25/50]
Total_loss	: 0.1774
Acc:18.8920 	 F1:5.2967 (best: 24.6822)
-------------------------------------
[Epoch : 26/50]
Total_loss	: 0.1774
Acc:18.0398 	 F1:7.8670 (best: 21.2769)
-------------------------------------
[Epoch : 27/50]
Total_loss	: 0.1776
Acc:18.8920 	 F1:6.0236 (best: 19.4655)
-------------------------------------
[Epoch : 28/50]
Total_loss	: 0.1780
Acc:21.0938 	 F1:10.2429 (best: 27.2386)
-------------------------------------
[Epoch : 29/50]
Total_loss	: 0.1786
Acc:11.2216 	 F1:3.4558 (best: 22.9989)
-------------------------------------
[Epoch : 30/50]
Total_loss	: 0.1792
Acc:33.7358 	 F1:23.0849 (best: 23.0849)
-------------------------------------
[Epoch : 31/50]
Total_loss	: 0.1797
Acc:10.2983 	 F1:5.5073 (best: 18.6793)
-------------------------------------
[Epoch : 32/50]
Total_loss	: 0.1805
Acc:20.7386 	 F1:9.1209 (best: 30.8231)
-------------------------------------
[Epoch : 33/50]
Total_loss	: 0.1813
Acc:14.9858 	 F1:6.5635 (best: 32.4509)
-------------------------------------
[Epoch : 34/50]
Total_loss	: 0.1814
Acc:13.7784 	 F1:4.1032 (best: 18.7846)
-------------------------------------
[Epoch : 35/50]
Total_loss	: 0.1818
Acc:19.1761 	 F1:6.1691 (best: 15.0759)
-------------------------------------
[Epoch : 36/50]
Total_loss	: 0.1816
Acc:18.8920 	 F1:5.3189 (best: 17.7379)
-------------------------------------
[Epoch : 37/50]
Total_loss	: 0.1815
Acc:13.2812 	 F1:4.1063 (best: 26.0710)
-------------------------------------
[Epoch : 38/50]
Total_loss	: 0.1811
Acc:18.9631 	 F1:6.1194 (best: 24.2764)
-------------------------------------
[Epoch : 39/50]
Total_loss	: 0.1807
Acc:5.3267 	 F1:2.2590 (best: 29.1350)
-------------------------------------
[Epoch : 40/50]
Total_loss	: 0.1802
Acc:17.1875 	 F1:5.5615 (best: 21.4572)
-------------------------------------
[Epoch : 41/50]
Total_loss	: 0.1803
Acc:18.3949 	 F1:6.2470 (best: 22.3581)
-------------------------------------
[Epoch : 42/50]
Total_loss	: 0.1801
Acc:19.1051 	 F1:5.6836 (best: 23.2868)
-------------------------------------
[Epoch : 43/50]
Total_loss	: 0.1800
Acc:8.4517 	 F1:6.6658 (best: 19.3781)
-------------------------------------
[Epoch : 44/50]
Total_loss	: 0.1795
Acc:19.5312 	 F1:8.7887 (best: 23.0381)
-------------------------------------
[Epoch : 45/50]
Total_loss	: 0.1793
Acc:20.5966 	 F1:8.7845 (best: 19.9953)
-------------------------------------
[Epoch : 46/50]
Total_loss	: 0.1795
Acc:17.0455 	 F1:5.5788 (best: 23.7785)
-------------------------------------
[Epoch : 47/50]
Total_loss	: 0.1792
Acc:11.9318 	 F1:5.5137 (best: 16.5928)
-------------------------------------
[Epoch : 48/50]
Total_loss	: 0.1790
Acc:19.9574 	 F1:8.1266 (best: 17.6954)
-------------------------------------
[Epoch : 49/50]
Total_loss	: 0.1787
Acc:18.8920 	 F1:5.6368 (best: 15.8524)
-------------------------------------
