Dataset: UCI, Training mode: ft
=============================================
printf[Epoch : 0/50]
Total_loss	: 0.7201
Acc:14.2045 	 F1:4.1459 (best: 24.0852)
-------------------------------------
printf[Epoch : 1/50]
Total_loss	: 0.5444
Acc:14.2045 	 F1:4.6555 (best: 14.8935)
-------------------------------------
printf[Epoch : 2/50]
Total_loss	: 0.4430
Acc:13.7784 	 F1:4.0366 (best: 17.1921)
-------------------------------------
printf[Epoch : 3/50]
Total_loss	: 0.3809
Acc:13.7784 	 F1:4.0366 (best: 21.5949)
-------------------------------------
printf[Epoch : 4/50]
Total_loss	: 0.3398
Acc:13.7784 	 F1:4.0366 (best: 22.6438)
-------------------------------------
printf[Epoch : 5/50]
Total_loss	: 0.3090
Acc:18.8210 	 F1:8.8945 (best: 30.7218)
-------------------------------------
printf[Epoch : 6/50]
Total_loss	: 0.2865
Acc:17.4006 	 F1:5.5231 (best: 27.6911)
-------------------------------------
printf[Epoch : 7/50]
Total_loss	: 0.2690
Acc:18.1818 	 F1:8.3643 (best: 22.8447)
-------------------------------------
printf[Epoch : 8/50]
Total_loss	: 0.2543
Acc:17.5426 	 F1:6.3672 (best: 25.1309)
-------------------------------------
printf[Epoch : 9/50]
Total_loss	: 0.2420
Acc:7.5994 	 F1:3.4150 (best: 28.8028)
-------------------------------------
printf[Epoch : 10/50]
Total_loss	: 0.2316
Acc:17.9688 	 F1:8.1835 (best: 15.0821)
-------------------------------------
printf[Epoch : 11/50]
Total_loss	: 0.2232
Acc:12.6420 	 F1:6.4991 (best: 23.9601)
-------------------------------------
printf[Epoch : 12/50]
Total_loss	: 0.2165
Acc:18.8920 	 F1:5.4330 (best: 21.4236)
-------------------------------------
printf[Epoch : 13/50]
Total_loss	: 0.2108
Acc:5.3977 	 F1:2.1508 (best: 21.4945)
-------------------------------------
printf[Epoch : 14/50]
Total_loss	: 0.2059
Acc:19.1051 	 F1:6.0643 (best: 21.3946)
-------------------------------------
printf[Epoch : 15/50]
Total_loss	: 0.2015
Acc:20.5256 	 F1:8.7135 (best: 20.6062)
-------------------------------------
printf[Epoch : 16/50]
Total_loss	: 0.1977
Acc:18.8920 	 F1:5.3126 (best: 13.9744)
-------------------------------------
printf[Epoch : 17/50]
Total_loss	: 0.1958
Acc:16.9034 	 F1:9.3954 (best: 20.9035)
-------------------------------------
printf[Epoch : 18/50]
Total_loss	: 0.1932
Acc:13.5653 	 F1:5.1508 (best: 21.1581)
-------------------------------------
printf[Epoch : 19/50]
Total_loss	: 0.1903
Acc:35.1562 	 F1:27.9392 (best: 27.9392)
-------------------------------------
printf[Epoch : 20/50]
Total_loss	: 0.1888
Acc:18.8920 	 F1:5.2967 (best: 18.0787)
-------------------------------------
printf[Epoch : 21/50]
Total_loss	: 0.1871
Acc:18.3239 	 F1:5.1745 (best: 15.2130)
-------------------------------------
printf[Epoch : 22/50]
Total_loss	: 0.1853
Acc:27.2017 	 F1:16.4052 (best: 17.7102)
-------------------------------------
printf[Epoch : 23/50]
Total_loss	: 0.1839
Acc:6.5341 	 F1:2.6482 (best: 17.8176)
-------------------------------------
printf[Epoch : 24/50]
Total_loss	: 0.1826
Acc:18.9631 	 F1:5.4266 (best: 22.1066)
-------------------------------------
printf[Epoch : 25/50]
Total_loss	: 0.1820
Acc:18.8920 	 F1:5.2967 (best: 22.3293)
-------------------------------------
printf[Epoch : 26/50]
Total_loss	: 0.1817
Acc:18.8920 	 F1:6.1361 (best: 22.2554)
-------------------------------------
printf[Epoch : 27/50]
Total_loss	: 0.1813
Acc:18.8920 	 F1:5.2999 (best: 17.6157)
-------------------------------------
printf[Epoch : 28/50]
Total_loss	: 0.1812
Acc:11.2926 	 F1:4.9417 (best: 25.3631)
-------------------------------------
printf[Epoch : 29/50]
Total_loss	: 0.1814
Acc:18.8920 	 F1:5.2967 (best: 18.6613)
-------------------------------------
printf[Epoch : 30/50]
Total_loss	: 0.1822
Acc:30.6108 	 F1:17.8508 (best: 20.1228)
-------------------------------------
printf[Epoch : 31/50]
Total_loss	: 0.1818
Acc:18.8920 	 F1:5.2967 (best: 20.3321)
-------------------------------------
printf[Epoch : 32/50]
Total_loss	: 0.1824
Acc:18.8920 	 F1:5.2967 (best: 22.0735)
-------------------------------------
printf[Epoch : 33/50]
Total_loss	: 0.1834
Acc:17.4716 	 F1:5.3806 (best: 21.4600)
-------------------------------------
printf[Epoch : 34/50]
Total_loss	: 0.1838
Acc:18.8920 	 F1:5.2967 (best: 21.3350)
-------------------------------------
printf[Epoch : 35/50]
Total_loss	: 0.1849
Acc:13.8494 	 F1:5.0672 (best: 24.0458)
-------------------------------------
